/home/anizme/Documents/AKAUT/simulation/AKA_Simulator/akas_working_space/test_driver/akas_source/startup.s:102 (Reset_Handler)
/home/anizme/Documents/AKAUT/simulation/AKA_Simulator/akas_working_space/test_driver/akas_source/startup.s:105 (Reset_Handler)
/home/anizme/Documents/AKAUT/simulation/AKA_Simulator/akas_working_space/test_driver/akas_source/startup.s:106 (Reset_Handler)
/home/anizme/Documents/AKAUT/simulation/AKA_Simulator/akas_working_space/test_driver/akas_source/startup.s:107 (Reset_Handler)
/home/anizme/Documents/AKAUT/simulation/AKA_Simulator/akas_working_space/test_driver/akas_source/startup.s:108 (Reset_Handler)
/home/anizme/Documents/AKAUT/simulation/AKA_Simulator/akas_working_space/test_driver/akas_source/startup.s:110 (Reset_Handler)
/home/anizme/Documents/AKAUT/simulation/AKA_Simulator/akas_working_space/test_driver/akas_source/startup.s:111 (Reset_Handler)
/home/anizme/Documents/AKAUT/simulation/AKA_Simulator/akas_working_space/test_driver/akas_source/startup.s:119 (Reset_Handler)
/home/anizme/Documents/AKAUT/simulation/AKA_Simulator/akas_working_space/test_driver/akas_source/startup.s:120 (Reset_Handler)
/home/anizme/Documents/AKAUT/simulation/AKA_Simulator/akas_working_space/test_driver/akas_source/startup.s:121 (Reset_Handler)
/home/anizme/Documents/AKAUT/simulation/AKA_Simulator/akas_working_space/test_driver/akas_source/startup.s:123 (Reset_Handler)
/home/anizme/Documents/AKAUT/simulation/AKA_Simulator/akas_working_space/test_driver/akas_source/startup.s:124 (Reset_Handler)
/home/anizme/Documents/AKAUT/simulation/AKA_Simulator/akas_working_space/test_driver/akas_source/startup.s:125 (Reset_Handler)
/home/anizme/Documents/AKAUT/simulation/AKA_Simulator/akas_working_space/test_driver/akas_source/startup.s:126 (Reset_Handler)
/home/anizme/Documents/AKAUT/simulation/AKA_Simulator/akas_working_space/test_driver/akas_source/startup.s:123 (Reset_Handler)
/home/anizme/Documents/AKAUT/simulation/AKA_Simulator/akas_working_space/test_driver/akas_source/startup.s:124 (Reset_Handler)
/home/anizme/Documents/AKAUT/simulation/AKA_Simulator/akas_working_space/test_driver/akas_source/startup.s:125 (Reset_Handler)
/home/anizme/Documents/AKAUT/simulation/AKA_Simulator/akas_working_space/test_driver/akas_source/startup.s:126 (Reset_Handler)
/home/anizme/Documents/AKAUT/simulation/AKA_Simulator/akas_working_space/test_driver/akas_source/startup.s:123 (Reset_Handler)
/home/anizme/Documents/AKAUT/simulation/AKA_Simulator/akas_working_space/test_driver/akas_source/startup.s:124 (Reset_Handler)
/home/anizme/Documents/AKAUT/simulation/AKA_Simulator/akas_working_space/test_driver/akas_source/startup.s:125 (Reset_Handler)
/home/anizme/Documents/AKAUT/simulation/AKA_Simulator/akas_working_space/test_driver/akas_source/startup.s:126 (Reset_Handler)
/home/anizme/Documents/AKAUT/simulation/AKA_Simulator/akas_working_space/test_driver/akas_source/startup.s:123 (Reset_Handler)
/home/anizme/Documents/AKAUT/simulation/AKA_Simulator/akas_working_space/test_driver/akas_source/startup.s:124 (Reset_Handler)
/home/anizme/Documents/AKAUT/simulation/AKA_Simulator/akas_working_space/test_driver/akas_source/startup.s:125 (Reset_Handler)
/home/anizme/Documents/AKAUT/simulation/AKA_Simulator/akas_working_space/test_driver/akas_source/startup.s:126 (Reset_Handler)
/home/anizme/Documents/AKAUT/simulation/AKA_Simulator/akas_working_space/test_driver/akas_source/startup.s:123 (Reset_Handler)
/home/anizme/Documents/AKAUT/simulation/AKA_Simulator/akas_working_space/test_driver/akas_source/startup.s:124 (Reset_Handler)
/home/anizme/Documents/AKAUT/simulation/AKA_Simulator/akas_working_space/test_driver/akas_source/startup.s:125 (Reset_Handler)
/home/anizme/Documents/AKAUT/simulation/AKA_Simulator/akas_working_space/test_driver/akas_source/startup.s:126 (Reset_Handler)
/home/anizme/Documents/AKAUT/simulation/AKA_Simulator/akas_working_space/test_driver/akas_source/startup.s:123 (Reset_Handler)
/home/anizme/Documents/AKAUT/simulation/AKA_Simulator/akas_working_space/test_driver/akas_source/startup.s:124 (Reset_Handler)
/home/anizme/Documents/AKAUT/simulation/AKA_Simulator/akas_working_space/test_driver/akas_source/startup.s:125 (Reset_Handler)
/home/anizme/Documents/AKAUT/simulation/AKA_Simulator/akas_working_space/test_driver/akas_source/startup.s:126 (Reset_Handler)
/home/anizme/Documents/AKAUT/simulation/AKA_Simulator/akas_working_space/test_driver/akas_source/startup.s:123 (Reset_Handler)
/home/anizme/Documents/AKAUT/simulation/AKA_Simulator/akas_working_space/test_driver/akas_source/startup.s:124 (Reset_Handler)
/home/anizme/Documents/AKAUT/simulation/AKA_Simulator/akas_working_space/test_driver/akas_source/startup.s:125 (Reset_Handler)
/home/anizme/Documents/AKAUT/simulation/AKA_Simulator/akas_working_space/test_driver/akas_source/startup.s:126 (Reset_Handler)
/home/anizme/Documents/AKAUT/simulation/AKA_Simulator/akas_working_space/test_driver/akas_source/startup.s:123 (Reset_Handler)
/home/anizme/Documents/AKAUT/simulation/AKA_Simulator/akas_working_space/test_driver/akas_source/startup.s:124 (Reset_Handler)
/home/anizme/Documents/AKAUT/simulation/AKA_Simulator/akas_working_space/test_driver/akas_source/startup.s:125 (Reset_Handler)
/home/anizme/Documents/AKAUT/simulation/AKA_Simulator/akas_working_space/test_driver/akas_source/startup.s:126 (Reset_Handler)
/home/anizme/Documents/AKAUT/simulation/AKA_Simulator/akas_working_space/test_driver/akas_source/startup.s:123 (Reset_Handler)
/home/anizme/Documents/AKAUT/simulation/AKA_Simulator/akas_working_space/test_driver/akas_source/startup.s:124 (Reset_Handler)
/home/anizme/Documents/AKAUT/simulation/AKA_Simulator/akas_working_space/test_driver/akas_source/startup.s:125 (Reset_Handler)
/home/anizme/Documents/AKAUT/simulation/AKA_Simulator/akas_working_space/test_driver/akas_source/startup.s:126 (Reset_Handler)
/home/anizme/Documents/AKAUT/simulation/AKA_Simulator/akas_working_space/test_driver/akas_source/startup.s:123 (Reset_Handler)
/home/anizme/Documents/AKAUT/simulation/AKA_Simulator/akas_working_space/test_driver/akas_source/startup.s:124 (Reset_Handler)
/home/anizme/Documents/AKAUT/simulation/AKA_Simulator/akas_working_space/test_driver/akas_source/startup.s:125 (Reset_Handler)
/home/anizme/Documents/AKAUT/simulation/AKA_Simulator/akas_working_space/test_driver/akas_source/startup.s:126 (Reset_Handler)
/home/anizme/Documents/AKAUT/simulation/AKA_Simulator/akas_working_space/test_driver/akas_source/startup.s:123 (Reset_Handler)
/home/anizme/Documents/AKAUT/simulation/AKA_Simulator/akas_working_space/test_driver/akas_source/startup.s:124 (Reset_Handler)
/home/anizme/Documents/AKAUT/simulation/AKA_Simulator/akas_working_space/test_driver/akas_source/startup.s:125 (Reset_Handler)
/home/anizme/Documents/AKAUT/simulation/AKA_Simulator/akas_working_space/test_driver/akas_source/startup.s:126 (Reset_Handler)
/home/anizme/Documents/AKAUT/simulation/AKA_Simulator/akas_working_space/test_driver/akas_source/startup.s:123 (Reset_Handler)
/home/anizme/Documents/AKAUT/simulation/AKA_Simulator/akas_working_space/test_driver/akas_source/startup.s:124 (Reset_Handler)
/home/anizme/Documents/AKAUT/simulation/AKA_Simulator/akas_working_space/test_driver/akas_source/startup.s:125 (Reset_Handler)
/home/anizme/Documents/AKAUT/simulation/AKA_Simulator/akas_working_space/test_driver/akas_source/startup.s:126 (Reset_Handler)
/home/anizme/Documents/AKAUT/simulation/AKA_Simulator/akas_working_space/test_driver/akas_source/startup.s:123 (Reset_Handler)
/home/anizme/Documents/AKAUT/simulation/AKA_Simulator/akas_working_space/test_driver/akas_source/startup.s:124 (Reset_Handler)
/home/anizme/Documents/AKAUT/simulation/AKA_Simulator/akas_working_space/test_driver/akas_source/startup.s:130 (Reset_Handler)
/home/anizme/Documents/AKAUT/simulation/AKA_Simulator/akas_working_space/test_driver/test_driver_uut.c:26 (main)
/home/anizme/Documents/AKAUT/simulation/AKA_Simulator/akas_working_space/test_driver/test_driver_uut.c:26 (main)
/home/anizme/Documents/AKAUT/simulation/AKA_Simulator/akas_working_space/test_driver/test_driver_uut.c:26 (main)
/home/anizme/Documents/AKAUT/simulation/AKA_Simulator/akas_working_space/test_driver/test_driver_uut.c:27 (main)
/home/anizme/Documents/AKAUT/simulation/AKA_Simulator/akas_working_space/test_driver/test_driver_uut.c:27 (main)
/home/anizme/Documents/AKAUT/simulation/AKA_Simulator/akas_working_space/test_driver/test_driver_uut.c:28 (main)
/home/anizme/Documents/AKAUT/simulation/AKA_Simulator/akas_working_space/test_driver/test_driver_uut.c:28 (main)
/home/anizme/Documents/AKAUT/simulation/AKA_Simulator/akas_working_space/test_driver/test_driver_uut.c:30 (main)
/home/anizme/Documents/AKAUT/simulation/AKA_Simulator/akas_working_space/test_driver/test_driver_uut.c:30 (main)
/home/anizme/Documents/AKAUT/simulation/AKA_Simulator/akas_working_space/test_driver/test_driver_uut.c:30 (main)
/home/anizme/Documents/AKAUT/simulation/AKA_Simulator/akas_working_space/test_driver/test_driver_uut.c:31 (main)
/home/anizme/Documents/AKAUT/simulation/AKA_Simulator/akas_working_space/test_driver/test_driver_uut.c:31 (main)
/home/anizme/Documents/AKAUT/simulation/AKA_Simulator/akas_working_space/test_driver/test_driver_uut.c:31 (main)
/home/anizme/Documents/AKAUT/simulation/AKA_Simulator/akas_working_space/test_driver/test_driver_uut.c:33 (main)
/home/anizme/Documents/AKAUT/simulation/AKA_Simulator/akas_working_space/test_driver/test_driver_uut.c:33 (main)
/home/anizme/Documents/AKAUT/simulation/AKA_Simulator/akas_working_space/test_driver/test_driver_uut.c:33 (main)
/home/anizme/Documents/AKAUT/simulation/AKA_Simulator/akas_working_space/test_driver/test_driver_uut.c:34 (main)
/home/anizme/Documents/AKAUT/simulation/AKA_Simulator/akas_working_space/test_driver/test_driver_uut.c:34 (main)
/home/anizme/Documents/AKAUT/simulation/AKA_Simulator/akas_working_space/test_driver/test_driver_uut.c:34 (main)
/home/anizme/Documents/AKAUT/simulation/AKA_Simulator/akas_working_space/test_driver/test_driver_uut.c:36 (main)
/home/anizme/Documents/AKAUT/simulation/AKA_Simulator/akas_working_space/test_driver/test_driver_uut.c:36 (main)
/home/anizme/Documents/AKAUT/simulation/AKA_Simulator/akas_working_space/test_driver/test_driver_uut.c:36 (main)
/home/anizme/Documents/AKAUT/simulation/AKA_Simulator/akas_working_space/test_driver/test_driver_uut.c:37 (main)
/home/anizme/Documents/AKAUT/simulation/AKA_Simulator/akas_working_space/test_driver/test_driver_uut.c:37 (main)
/home/anizme/Documents/AKAUT/simulation/AKA_Simulator/akas_working_space/test_driver/test_driver_uut.c:37 (main)
/home/anizme/Documents/AKAUT/simulation/AKA_Simulator/akas_working_space/test_driver/test_driver_uut.c:39 (main)
/home/anizme/Documents/AKAUT/simulation/AKA_Simulator/akas_working_space/test_driver/test_driver_uut.c:39 (main)
/home/anizme/Documents/AKAUT/simulation/AKA_Simulator/akas_working_space/test_driver/test_driver_uut.c:40 (main)
/home/anizme/Documents/AKAUT/simulation/AKA_Simulator/akas_working_space/test_driver/test_driver_uut.c:40 (main)
/home/anizme/Documents/AKAUT/simulation/AKA_Simulator/akas_working_space/test_driver/test_driver_uut.c:40 (main)
/home/anizme/Documents/AKAUT/simulation/AKA_Simulator/akas_working_space/test_driver/test_driver_uut.c:40 (main)
/home/anizme/Documents/AKAUT/simulation/AKA_Simulator/akas_working_space/test_driver/test_driver_uut.c:40 (main)
/home/anizme/Documents/AKAUT/simulation/AKA_Simulator/akas_working_space/test_driver/test_driver_uut.c:40 (main)
/home/anizme/Documents/AKAUT/simulation/AKA_Simulator/akas_working_space/test_driver/test_driver_uut.c:40 (main)
/home/anizme/Documents/AKAUT/simulation/AKA_Simulator/akas_working_space/test_driver/test_driver_uut.c:40 (main)
/home/anizme/Documents/AKAUT/simulation/AKA_Simulator/akas_working_space/test_driver/test_driver_uut.c:40 (main)
/home/anizme/Documents/AKAUT/simulation/AKA_Simulator/akas_working_space/test_driver/test_driver_uut.c:40 (main)
/home/anizme/Documents/AKAUT/simulation/AKA_Simulator/akas_working_space/test_driver/akas_source/main.c:15 (uut)
/home/anizme/Documents/AKAUT/simulation/AKA_Simulator/akas_working_space/test_driver/akas_source/main.c:15 (uut)
/home/anizme/Documents/AKAUT/simulation/AKA_Simulator/akas_working_space/test_driver/akas_source/main.c:15 (uut)
/home/anizme/Documents/AKAUT/simulation/AKA_Simulator/akas_working_space/test_driver/akas_source/main.c:15 (uut)
/home/anizme/Documents/AKAUT/simulation/AKA_Simulator/akas_working_space/test_driver/akas_source/main.c:15 (uut)
/home/anizme/Documents/AKAUT/simulation/AKA_Simulator/akas_working_space/test_driver/akas_source/main.c:15 (uut)
/home/anizme/Documents/AKAUT/simulation/AKA_Simulator/akas_working_space/test_driver/akas_source/main.c:15 (uut)
/home/anizme/Documents/AKAUT/simulation/AKA_Simulator/akas_working_space/test_driver/akas_source/main.c:16 (uut)
/home/anizme/Documents/AKAUT/simulation/AKA_Simulator/akas_working_space/test_driver/akas_source/main.c:16 (uut)
/home/anizme/Documents/AKAUT/simulation/AKA_Simulator/akas_working_space/test_driver/akas_source/main.c:16 (uut)
/home/anizme/Documents/AKAUT/simulation/AKA_Simulator/akas_working_space/test_driver/akas_source/main.c:16 (uut)
/home/anizme/Documents/AKAUT/simulation/AKA_Simulator/akas_working_space/test_driver/akas_source/main.c:16 (uut)
/home/anizme/Documents/AKAUT/simulation/AKA_Simulator/akas_working_space/test_driver/akas_source/main.c:16 (uut)
/home/anizme/Documents/AKAUT/simulation/AKA_Simulator/akas_working_space/test_driver/akas_source/main.c:16 (uut)
/home/anizme/Documents/AKAUT/simulation/AKA_Simulator/akas_working_space/test_driver/akas_source/main.c:17 (uut)
/home/anizme/Documents/AKAUT/simulation/AKA_Simulator/akas_working_space/test_driver/akas_source/main.c:17 (uut)
/home/anizme/Documents/AKAUT/simulation/AKA_Simulator/akas_working_space/test_driver/akas_source/main.c:17 (uut)
/home/anizme/Documents/AKAUT/simulation/AKA_Simulator/akas_working_space/test_driver/akas_source/main.c:17 (uut)
/home/anizme/Documents/AKAUT/simulation/AKA_Simulator/akas_working_space/test_driver/akas_source/main.c:17 (uut)
/home/anizme/Documents/AKAUT/simulation/AKA_Simulator/akas_working_space/test_driver/akas_source/main.c:17 (uut)
/home/anizme/Documents/AKAUT/simulation/AKA_Simulator/akas_working_space/test_driver/akas_source/main.c:17 (uut)
/home/anizme/Documents/AKAUT/simulation/AKA_Simulator/akas_working_space/test_driver/akas_source/main.c:19 (uut)
/home/anizme/Documents/AKAUT/simulation/AKA_Simulator/akas_working_space/test_driver/akas_source/main.c:19 (uut)
/home/anizme/Documents/AKAUT/simulation/AKA_Simulator/akas_working_space/test_driver/akas_source/main.c:19 (uut)
/home/anizme/Documents/AKAUT/simulation/AKA_Simulator/akas_working_space/test_driver/akas_source/main.c:19 (uut)
/home/anizme/Documents/AKAUT/simulation/AKA_Simulator/akas_working_space/test_driver/akas_source/main.c:19 (uut)
/home/anizme/Documents/AKAUT/simulation/AKA_Simulator/akas_working_space/test_driver/akas_source/main.c:19 (uut)
/home/anizme/Documents/AKAUT/simulation/AKA_Simulator/akas_working_space/test_driver/akas_source/main.c:19 (uut)
/home/anizme/Documents/AKAUT/simulation/AKA_Simulator/akas_working_space/test_driver/akas_source/main.c:19 (uut)
/home/anizme/Documents/AKAUT/simulation/AKA_Simulator/akas_working_space/test_driver/akas_source/main.c:17 (uut)
/home/anizme/Documents/AKAUT/simulation/AKA_Simulator/akas_working_space/test_driver/akas_source/main.c:17 (uut)
/home/anizme/Documents/AKAUT/simulation/AKA_Simulator/akas_working_space/test_driver/akas_source/main.c:17 (uut)
/home/anizme/Documents/AKAUT/simulation/AKA_Simulator/akas_working_space/test_driver/akas_source/main.c:17 (uut)
/home/anizme/Documents/AKAUT/simulation/AKA_Simulator/akas_working_space/test_driver/akas_source/main.c:17 (uut)
/home/anizme/Documents/AKAUT/simulation/AKA_Simulator/akas_working_space/test_driver/akas_source/main.c:17 (uut)
/home/anizme/Documents/AKAUT/simulation/AKA_Simulator/akas_working_space/test_driver/akas_source/main.c:17 (uut)
/home/anizme/Documents/AKAUT/simulation/AKA_Simulator/akas_working_space/test_driver/akas_source/main.c:21 (uut)
/home/anizme/Documents/AKAUT/simulation/AKA_Simulator/akas_working_space/test_driver/akas_source/main.c:21 (uut)
/home/anizme/Documents/AKAUT/simulation/AKA_Simulator/akas_working_space/test_driver/akas_source/main.c:21 (uut)
/home/anizme/Documents/AKAUT/simulation/AKA_Simulator/akas_working_space/test_driver/akas_source/main.c:24 (uut)
/home/anizme/Documents/AKAUT/simulation/AKA_Simulator/akas_working_space/test_driver/akas_source/main.c:24 (uut)
/home/anizme/Documents/AKAUT/simulation/AKA_Simulator/akas_working_space/test_driver/akas_source/main.c:24 (uut)
/home/anizme/Documents/AKAUT/simulation/AKA_Simulator/akas_working_space/test_driver/akas_source/main.c:24 (uut)
/home/anizme/Documents/AKAUT/simulation/AKA_Simulator/akas_working_space/test_driver/akas_source/main.c:24 (uut)
/home/anizme/Documents/AKAUT/simulation/AKA_Simulator/akas_working_space/test_driver/akas_source/main.c:24 (uut)
/home/anizme/Documents/AKAUT/simulation/AKA_Simulator/akas_working_space/test_driver/akas_source/main.c:26 (uut)
/home/anizme/Documents/AKAUT/simulation/AKA_Simulator/akas_working_space/test_driver/akas_source/main.c:26 (uut)
/home/anizme/Documents/AKAUT/simulation/AKA_Simulator/akas_working_space/test_driver/akas_source/main.c:26 (uut)
/home/anizme/Documents/AKAUT/simulation/AKA_Simulator/akas_working_space/test_driver/akas_source/main.c:26 (uut)
/home/anizme/Documents/AKAUT/simulation/AKA_Simulator/akas_working_space/test_driver/akas_source/main.c:26 (uut)
/home/anizme/Documents/AKAUT/simulation/AKA_Simulator/akas_working_space/test_driver/akas_source/main.c:26 (uut)
/home/anizme/Documents/AKAUT/simulation/AKA_Simulator/akas_working_space/test_driver/akas_source/main.c:27 (uut)
/home/anizme/Documents/AKAUT/simulation/AKA_Simulator/akas_working_space/test_driver/akas_source/main.c:28 (uut)
/home/anizme/Documents/AKAUT/simulation/AKA_Simulator/akas_working_space/test_driver/akas_source/main.c:28 (uut)
/home/anizme/Documents/AKAUT/simulation/AKA_Simulator/akas_working_space/test_driver/akas_source/main.c:28 (uut)
/home/anizme/Documents/AKAUT/simulation/AKA_Simulator/akas_working_space/test_driver/akas_source/main.c:28 (uut)
/home/anizme/Documents/AKAUT/simulation/AKA_Simulator/akas_working_space/test_driver/akas_source/main.c:28 (uut)
/home/anizme/Documents/AKAUT/simulation/AKA_Simulator/akas_working_space/test_driver/test_driver_uut.c:40 (main)
/home/anizme/Documents/AKAUT/simulation/AKA_Simulator/akas_working_space/test_driver/test_driver_uut.c:42 (main)
/home/anizme/Documents/AKAUT/simulation/AKA_Simulator/akas_working_space/test_driver/test_driver_uut.c:42 (main)
/home/anizme/Documents/AKAUT/simulation/AKA_Simulator/akas_working_space/test_driver/test_driver_uut.c:42 (main)
/home/anizme/Documents/AKAUT/simulation/AKA_Simulator/akas_working_space/test_driver/test_driver_uut.c:42 (main)
/home/anizme/Documents/AKAUT/simulation/AKA_Simulator/akas_working_space/test_driver/test_driver_uut.c:42 (main)
/home/anizme/Documents/AKAUT/simulation/AKA_Simulator/akas_working_space/test_driver/test_driver_uut.c:42 (main)
/home/anizme/Documents/AKAUT/simulation/AKA_Simulator/akas_working_space/test_driver/test_driver_uut.c:7 (aka_sim_writer_u32)
/home/anizme/Documents/AKAUT/simulation/AKA_Simulator/akas_working_space/test_driver/test_driver_uut.c:7 (aka_sim_writer_u32)
/home/anizme/Documents/AKAUT/simulation/AKA_Simulator/akas_working_space/test_driver/test_driver_uut.c:7 (aka_sim_writer_u32)
/home/anizme/Documents/AKAUT/simulation/AKA_Simulator/akas_working_space/test_driver/test_driver_uut.c:7 (aka_sim_writer_u32)
/home/anizme/Documents/AKAUT/simulation/AKA_Simulator/akas_working_space/test_driver/test_driver_uut.c:7 (aka_sim_writer_u32)
/home/anizme/Documents/AKAUT/simulation/AKA_Simulator/akas_working_space/test_driver/test_driver_uut.c:8 (aka_sim_writer_u32)
/home/anizme/Documents/AKAUT/simulation/AKA_Simulator/akas_working_space/test_driver/test_driver_uut.c:8 (aka_sim_writer_u32)
/home/anizme/Documents/AKAUT/simulation/AKA_Simulator/akas_working_space/test_driver/test_driver_uut.c:8 (aka_sim_writer_u32)
/home/anizme/Documents/AKAUT/simulation/AKA_Simulator/akas_working_space/test_driver/test_driver_uut.c:8 (aka_sim_writer_u32)
/home/anizme/Documents/AKAUT/simulation/AKA_Simulator/akas_working_space/test_driver/test_driver_uut.c:8 (aka_sim_writer_u32)
/home/anizme/Documents/AKAUT/simulation/AKA_Simulator/akas_working_space/test_driver/test_driver_uut.c:44 (main)
/home/anizme/Documents/AKAUT/simulation/AKA_Simulator/akas_working_space/test_driver/test_driver_uut.c:44 (main)
/home/anizme/Documents/AKAUT/simulation/AKA_Simulator/akas_working_space/test_driver/test_driver_uut.c:45 (main)
/home/anizme/Documents/AKAUT/simulation/AKA_Simulator/akas_working_space/test_driver/test_driver_uut.c:45 (main)
/home/anizme/Documents/AKAUT/simulation/AKA_Simulator/akas_working_space/test_driver/test_driver_uut.c:47 (main)
/home/anizme/Documents/AKAUT/simulation/AKA_Simulator/akas_working_space/test_driver/test_driver_uut.c:47 (main)
/home/anizme/Documents/AKAUT/simulation/AKA_Simulator/akas_working_space/test_driver/test_driver_uut.c:47 (main)
/home/anizme/Documents/AKAUT/simulation/AKA_Simulator/akas_working_space/test_driver/test_driver_uut.c:47 (main)
/home/anizme/Documents/AKAUT/simulation/AKA_Simulator/akas_working_space/test_driver/test_driver_uut.c:47 (main)
/home/anizme/Documents/AKAUT/simulation/AKA_Simulator/akas_working_space/test_driver/test_driver_uut.c:47 (main)
/home/anizme/Documents/AKAUT/simulation/AKA_Simulator/akas_working_space/test_driver/test_driver_uut.c:7 (aka_sim_writer_u32)
/home/anizme/Documents/AKAUT/simulation/AKA_Simulator/akas_working_space/test_driver/test_driver_uut.c:7 (aka_sim_writer_u32)
/home/anizme/Documents/AKAUT/simulation/AKA_Simulator/akas_working_space/test_driver/test_driver_uut.c:7 (aka_sim_writer_u32)
/home/anizme/Documents/AKAUT/simulation/AKA_Simulator/akas_working_space/test_driver/test_driver_uut.c:7 (aka_sim_writer_u32)
/home/anizme/Documents/AKAUT/simulation/AKA_Simulator/akas_working_space/test_driver/test_driver_uut.c:7 (aka_sim_writer_u32)
/home/anizme/Documents/AKAUT/simulation/AKA_Simulator/akas_working_space/test_driver/test_driver_uut.c:8 (aka_sim_writer_u32)
/home/anizme/Documents/AKAUT/simulation/AKA_Simulator/akas_working_space/test_driver/test_driver_uut.c:8 (aka_sim_writer_u32)
/home/anizme/Documents/AKAUT/simulation/AKA_Simulator/akas_working_space/test_driver/test_driver_uut.c:8 (aka_sim_writer_u32)
/home/anizme/Documents/AKAUT/simulation/AKA_Simulator/akas_working_space/test_driver/test_driver_uut.c:8 (aka_sim_writer_u32)
/home/anizme/Documents/AKAUT/simulation/AKA_Simulator/akas_working_space/test_driver/test_driver_uut.c:8 (aka_sim_writer_u32)
/home/anizme/Documents/AKAUT/simulation/AKA_Simulator/akas_working_space/test_driver/test_driver_uut.c:48 (main)
/home/anizme/Documents/AKAUT/simulation/AKA_Simulator/akas_working_space/test_driver/test_driver_uut.c:48 (main)
/home/anizme/Documents/AKAUT/simulation/AKA_Simulator/akas_working_space/test_driver/test_driver_uut.c:48 (main)
/home/anizme/Documents/AKAUT/simulation/AKA_Simulator/akas_working_space/test_driver/test_driver_uut.c:48 (main)
/home/anizme/Documents/AKAUT/simulation/AKA_Simulator/akas_working_space/test_driver/test_driver_uut.c:48 (main)
/home/anizme/Documents/AKAUT/simulation/AKA_Simulator/akas_working_space/test_driver/test_driver_uut.c:48 (main)
/home/anizme/Documents/AKAUT/simulation/AKA_Simulator/akas_working_space/test_driver/test_driver_uut.c:7 (aka_sim_writer_u32)
/home/anizme/Documents/AKAUT/simulation/AKA_Simulator/akas_working_space/test_driver/test_driver_uut.c:7 (aka_sim_writer_u32)
/home/anizme/Documents/AKAUT/simulation/AKA_Simulator/akas_working_space/test_driver/test_driver_uut.c:7 (aka_sim_writer_u32)
/home/anizme/Documents/AKAUT/simulation/AKA_Simulator/akas_working_space/test_driver/test_driver_uut.c:7 (aka_sim_writer_u32)
/home/anizme/Documents/AKAUT/simulation/AKA_Simulator/akas_working_space/test_driver/test_driver_uut.c:7 (aka_sim_writer_u32)
/home/anizme/Documents/AKAUT/simulation/AKA_Simulator/akas_working_space/test_driver/test_driver_uut.c:8 (aka_sim_writer_u32)
/home/anizme/Documents/AKAUT/simulation/AKA_Simulator/akas_working_space/test_driver/test_driver_uut.c:8 (aka_sim_writer_u32)
/home/anizme/Documents/AKAUT/simulation/AKA_Simulator/akas_working_space/test_driver/test_driver_uut.c:8 (aka_sim_writer_u32)
/home/anizme/Documents/AKAUT/simulation/AKA_Simulator/akas_working_space/test_driver/test_driver_uut.c:8 (aka_sim_writer_u32)
/home/anizme/Documents/AKAUT/simulation/AKA_Simulator/akas_working_space/test_driver/test_driver_uut.c:8 (aka_sim_writer_u32)
/home/anizme/Documents/AKAUT/simulation/AKA_Simulator/akas_working_space/test_driver/test_driver_uut.c:50 (main)
/home/anizme/Documents/AKAUT/simulation/AKA_Simulator/akas_working_space/test_driver/test_driver_uut.c:50 (main)
/home/anizme/Documents/AKAUT/simulation/AKA_Simulator/akas_working_space/test_driver/test_driver_uut.c:50 (main)
/home/anizme/Documents/AKAUT/simulation/AKA_Simulator/akas_working_space/test_driver/test_driver_uut.c:51 (main)
/home/anizme/Documents/AKAUT/simulation/AKA_Simulator/akas_working_space/test_driver/test_driver_uut.c:51 (main)
/home/anizme/Documents/AKAUT/simulation/AKA_Simulator/akas_working_space/test_driver/test_driver_uut.c:51 (main)
/home/anizme/Documents/AKAUT/simulation/AKA_Simulator/akas_working_space/test_driver/test_driver_uut.c:53 (main)
/home/anizme/Documents/AKAUT/simulation/AKA_Simulator/akas_working_space/test_driver/test_driver_uut.c:53 (main)
/home/anizme/Documents/AKAUT/simulation/AKA_Simulator/akas_working_space/test_driver/test_driver_uut.c:53 (main)
/home/anizme/Documents/AKAUT/simulation/AKA_Simulator/akas_working_space/test_driver/test_driver_uut.c:54 (main)
/home/anizme/Documents/AKAUT/simulation/AKA_Simulator/akas_working_space/test_driver/test_driver_uut.c:54 (main)
/home/anizme/Documents/AKAUT/simulation/AKA_Simulator/akas_working_space/test_driver/test_driver_uut.c:54 (main)
/home/anizme/Documents/AKAUT/simulation/AKA_Simulator/akas_working_space/test_driver/test_driver_uut.c:56 (main)
/home/anizme/Documents/AKAUT/simulation/AKA_Simulator/akas_working_space/test_driver/test_driver_uut.c:56 (main)
/home/anizme/Documents/AKAUT/simulation/AKA_Simulator/akas_working_space/test_driver/test_driver_uut.c:56 (main)
/home/anizme/Documents/AKAUT/simulation/AKA_Simulator/akas_working_space/test_driver/test_driver_uut.c:56 (main)
/home/anizme/Documents/AKAUT/simulation/AKA_Simulator/akas_working_space/test_driver/test_driver_uut.c:56 (main)
/home/anizme/Documents/AKAUT/simulation/AKA_Simulator/akas_working_space/test_driver/test_driver_uut.c:56 (main)
/home/anizme/Documents/AKAUT/simulation/AKA_Simulator/akas_working_space/test_driver/test_driver_uut.c:56 (main)
/home/anizme/Documents/AKAUT/simulation/AKA_Simulator/akas_working_space/test_driver/test_driver_uut.c:56 (main)
/home/anizme/Documents/AKAUT/simulation/AKA_Simulator/akas_working_space/test_driver/test_driver_uut.c:56 (main)
/home/anizme/Documents/AKAUT/simulation/AKA_Simulator/akas_working_space/test_driver/test_driver_uut.c:7 (aka_sim_writer_u32)
/home/anizme/Documents/AKAUT/simulation/AKA_Simulator/akas_working_space/test_driver/test_driver_uut.c:7 (aka_sim_writer_u32)
/home/anizme/Documents/AKAUT/simulation/AKA_Simulator/akas_working_space/test_driver/test_driver_uut.c:7 (aka_sim_writer_u32)
/home/anizme/Documents/AKAUT/simulation/AKA_Simulator/akas_working_space/test_driver/test_driver_uut.c:7 (aka_sim_writer_u32)
/home/anizme/Documents/AKAUT/simulation/AKA_Simulator/akas_working_space/test_driver/test_driver_uut.c:7 (aka_sim_writer_u32)
/home/anizme/Documents/AKAUT/simulation/AKA_Simulator/akas_working_space/test_driver/test_driver_uut.c:8 (aka_sim_writer_u32)
/home/anizme/Documents/AKAUT/simulation/AKA_Simulator/akas_working_space/test_driver/test_driver_uut.c:8 (aka_sim_writer_u32)
/home/anizme/Documents/AKAUT/simulation/AKA_Simulator/akas_working_space/test_driver/test_driver_uut.c:8 (aka_sim_writer_u32)
/home/anizme/Documents/AKAUT/simulation/AKA_Simulator/akas_working_space/test_driver/test_driver_uut.c:8 (aka_sim_writer_u32)
/home/anizme/Documents/AKAUT/simulation/AKA_Simulator/akas_working_space/test_driver/test_driver_uut.c:8 (aka_sim_writer_u32)
/home/anizme/Documents/AKAUT/simulation/AKA_Simulator/akas_working_space/test_driver/test_driver_uut.c:57 (main)
/home/anizme/Documents/AKAUT/simulation/AKA_Simulator/akas_working_space/test_driver/test_driver_uut.c:57 (main)
/home/anizme/Documents/AKAUT/simulation/AKA_Simulator/akas_working_space/test_driver/test_driver_uut.c:57 (main)
/home/anizme/Documents/AKAUT/simulation/AKA_Simulator/akas_working_space/test_driver/test_driver_uut.c:57 (main)
/home/anizme/Documents/AKAUT/simulation/AKA_Simulator/akas_working_space/test_driver/test_driver_uut.c:57 (main)
/home/anizme/Documents/AKAUT/simulation/AKA_Simulator/akas_working_space/test_driver/test_driver_uut.c:57 (main)
/home/anizme/Documents/AKAUT/simulation/AKA_Simulator/akas_working_space/test_driver/test_driver_uut.c:57 (main)
/home/anizme/Documents/AKAUT/simulation/AKA_Simulator/akas_working_space/test_driver/test_driver_uut.c:57 (main)
/home/anizme/Documents/AKAUT/simulation/AKA_Simulator/akas_working_space/test_driver/test_driver_uut.c:57 (main)
/home/anizme/Documents/AKAUT/simulation/AKA_Simulator/akas_working_space/test_driver/test_driver_uut.c:7 (aka_sim_writer_u32)
/home/anizme/Documents/AKAUT/simulation/AKA_Simulator/akas_working_space/test_driver/test_driver_uut.c:7 (aka_sim_writer_u32)
/home/anizme/Documents/AKAUT/simulation/AKA_Simulator/akas_working_space/test_driver/test_driver_uut.c:7 (aka_sim_writer_u32)
/home/anizme/Documents/AKAUT/simulation/AKA_Simulator/akas_working_space/test_driver/test_driver_uut.c:7 (aka_sim_writer_u32)
/home/anizme/Documents/AKAUT/simulation/AKA_Simulator/akas_working_space/test_driver/test_driver_uut.c:7 (aka_sim_writer_u32)
/home/anizme/Documents/AKAUT/simulation/AKA_Simulator/akas_working_space/test_driver/test_driver_uut.c:8 (aka_sim_writer_u32)
/home/anizme/Documents/AKAUT/simulation/AKA_Simulator/akas_working_space/test_driver/test_driver_uut.c:8 (aka_sim_writer_u32)
/home/anizme/Documents/AKAUT/simulation/AKA_Simulator/akas_working_space/test_driver/test_driver_uut.c:8 (aka_sim_writer_u32)
/home/anizme/Documents/AKAUT/simulation/AKA_Simulator/akas_working_space/test_driver/test_driver_uut.c:8 (aka_sim_writer_u32)
/home/anizme/Documents/AKAUT/simulation/AKA_Simulator/akas_working_space/test_driver/test_driver_uut.c:8 (aka_sim_writer_u32)
/home/anizme/Documents/AKAUT/simulation/AKA_Simulator/akas_working_space/test_driver/test_driver_uut.c:59 (main)
/home/anizme/Documents/AKAUT/simulation/AKA_Simulator/akas_working_space/test_driver/test_driver_uut.c:59 (main)
/home/anizme/Documents/AKAUT/simulation/AKA_Simulator/akas_working_space/test_driver/test_driver_uut.c:59 (main)
/home/anizme/Documents/AKAUT/simulation/AKA_Simulator/akas_working_space/test_driver/test_driver_uut.c:61 (main)
/home/anizme/Documents/AKAUT/simulation/AKA_Simulator/akas_working_space/test_driver/test_driver_uut.c:61 (main)
/home/anizme/Documents/AKAUT/simulation/AKA_Simulator/akas_working_space/test_driver/test_driver_uut.c:61 (main)
/home/anizme/Documents/AKAUT/simulation/AKA_Simulator/akas_working_space/test_driver/test_driver_uut.c:61 (main)
/home/anizme/Documents/AKAUT/simulation/AKA_Simulator/akas_working_space/test_driver/test_driver_uut.c:61 (main)
/home/anizme/Documents/AKAUT/simulation/AKA_Simulator/akas_working_space/test_driver/test_driver_uut.c:61 (main)
/home/anizme/Documents/AKAUT/simulation/AKA_Simulator/akas_working_space/test_driver/test_driver_uut.c:61 (main)
/home/anizme/Documents/AKAUT/simulation/AKA_Simulator/akas_working_space/test_driver/test_driver_uut.c:61 (main)
/home/anizme/Documents/AKAUT/simulation/AKA_Simulator/akas_working_space/test_driver/test_driver_uut.c:61 (main)
/home/anizme/Documents/AKAUT/simulation/AKA_Simulator/akas_working_space/test_driver/test_driver_uut.c:7 (aka_sim_writer_u32)
/home/anizme/Documents/AKAUT/simulation/AKA_Simulator/akas_working_space/test_driver/test_driver_uut.c:7 (aka_sim_writer_u32)
/home/anizme/Documents/AKAUT/simulation/AKA_Simulator/akas_working_space/test_driver/test_driver_uut.c:7 (aka_sim_writer_u32)
/home/anizme/Documents/AKAUT/simulation/AKA_Simulator/akas_working_space/test_driver/test_driver_uut.c:7 (aka_sim_writer_u32)
/home/anizme/Documents/AKAUT/simulation/AKA_Simulator/akas_working_space/test_driver/test_driver_uut.c:7 (aka_sim_writer_u32)
/home/anizme/Documents/AKAUT/simulation/AKA_Simulator/akas_working_space/test_driver/test_driver_uut.c:8 (aka_sim_writer_u32)
/home/anizme/Documents/AKAUT/simulation/AKA_Simulator/akas_working_space/test_driver/test_driver_uut.c:8 (aka_sim_writer_u32)
/home/anizme/Documents/AKAUT/simulation/AKA_Simulator/akas_working_space/test_driver/test_driver_uut.c:8 (aka_sim_writer_u32)
/home/anizme/Documents/AKAUT/simulation/AKA_Simulator/akas_working_space/test_driver/test_driver_uut.c:8 (aka_sim_writer_u32)
/home/anizme/Documents/AKAUT/simulation/AKA_Simulator/akas_working_space/test_driver/test_driver_uut.c:8 (aka_sim_writer_u32)
/home/anizme/Documents/AKAUT/simulation/AKA_Simulator/akas_working_space/test_driver/test_driver_uut.c:63 (main)
/home/anizme/Documents/AKAUT/simulation/AKA_Simulator/akas_working_space/test_driver/test_driver_uut.c:63 (main)
/home/anizme/Documents/AKAUT/simulation/AKA_Simulator/akas_working_space/test_driver/test_driver_uut.c:63 (main)
/home/anizme/Documents/AKAUT/simulation/AKA_Simulator/akas_working_space/test_driver/test_driver_uut.c:64 (main)
/home/anizme/Documents/AKAUT/simulation/AKA_Simulator/akas_working_space/test_driver/test_driver_uut.c:64 (main)
/home/anizme/Documents/AKAUT/simulation/AKA_Simulator/akas_working_space/test_driver/test_driver_uut.c:64 (main)
/home/anizme/Documents/AKAUT/simulation/AKA_Simulator/akas_working_space/test_driver/test_driver_uut.c:64 (main)
/home/anizme/Documents/AKAUT/simulation/AKA_Simulator/akas_working_space/test_driver/test_driver_uut.c:64 (main)
/home/anizme/Documents/AKAUT/simulation/AKA_Simulator/akas_working_space/test_driver/test_driver_uut.c:64 (main)
/home/anizme/Documents/AKAUT/simulation/AKA_Simulator/akas_working_space/test_driver/test_driver_uut.c:64 (main)
/home/anizme/Documents/AKAUT/simulation/AKA_Simulator/akas_working_space/test_driver/test_driver_uut.c:64 (main)
/home/anizme/Documents/AKAUT/simulation/AKA_Simulator/akas_working_space/test_driver/test_driver_uut.c:7 (aka_sim_writer_u32)
/home/anizme/Documents/AKAUT/simulation/AKA_Simulator/akas_working_space/test_driver/test_driver_uut.c:7 (aka_sim_writer_u32)
/home/anizme/Documents/AKAUT/simulation/AKA_Simulator/akas_working_space/test_driver/test_driver_uut.c:7 (aka_sim_writer_u32)
/home/anizme/Documents/AKAUT/simulation/AKA_Simulator/akas_working_space/test_driver/test_driver_uut.c:7 (aka_sim_writer_u32)
/home/anizme/Documents/AKAUT/simulation/AKA_Simulator/akas_working_space/test_driver/test_driver_uut.c:7 (aka_sim_writer_u32)
/home/anizme/Documents/AKAUT/simulation/AKA_Simulator/akas_working_space/test_driver/test_driver_uut.c:8 (aka_sim_writer_u32)
/home/anizme/Documents/AKAUT/simulation/AKA_Simulator/akas_working_space/test_driver/test_driver_uut.c:8 (aka_sim_writer_u32)
/home/anizme/Documents/AKAUT/simulation/AKA_Simulator/akas_working_space/test_driver/test_driver_uut.c:8 (aka_sim_writer_u32)
/home/anizme/Documents/AKAUT/simulation/AKA_Simulator/akas_working_space/test_driver/test_driver_uut.c:8 (aka_sim_writer_u32)
/home/anizme/Documents/AKAUT/simulation/AKA_Simulator/akas_working_space/test_driver/test_driver_uut.c:8 (aka_sim_writer_u32)
/home/anizme/Documents/AKAUT/simulation/AKA_Simulator/akas_working_space/test_driver/test_driver_uut.c:66 (main)
/home/anizme/Documents/AKAUT/simulation/AKA_Simulator/akas_working_space/test_driver/test_driver_uut.c:67 (main)
/home/anizme/Documents/AKAUT/simulation/AKA_Simulator/akas_working_space/test_driver/test_driver_uut.c:67 (main)
/home/anizme/Documents/AKAUT/simulation/AKA_Simulator/akas_working_space/test_driver/test_driver_uut.c:67 (main)
/home/anizme/Documents/AKAUT/simulation/AKA_Simulator/akas_working_space/test_driver/test_driver_uut.c:67 (main)
# SUCCESS: Main function returned 
