# STM32F103C8T6 Emulation Log
# ELF File: akas_test_driver/firmware.elf
# Start Time: 2025-08-11 09:15:46
# Entry Point: 0x8000109
# Memory Layout:
# 	Flash: 0x8000000 - 0x801ffff
# 	SRAM:  0x20000000 - 0x20004fff
# Format: ADDRESS: FILE:LINE (FUNCTION)
#

[0x08000108] ldr.w    sp, [pc, #0x2c]
	|-> Code: /home/anizme/Documents/AKAUT/simulation/AKA_Simulator/akas_test_driver/akas_source/startup.s:102 (Reset_Handler)
[0x0800010c] ldr      r0, [pc, #0x2c]
	|-> Code: /home/anizme/Documents/AKAUT/simulation/AKA_Simulator/akas_test_driver/akas_source/startup.s:105 (Reset_Handler)
[0x0800010e] ldr      r1, [pc, #0x30]
	|-> Code: /home/anizme/Documents/AKAUT/simulation/AKA_Simulator/akas_test_driver/akas_source/startup.s:106 (Reset_Handler)
[0x08000110] ldr      r2, [pc, #0x30]
	|-> Code: /home/anizme/Documents/AKAUT/simulation/AKA_Simulator/akas_test_driver/akas_source/startup.s:107 (Reset_Handler)
[0x08000112] movs     r3, #0
	|-> Code: /home/anizme/Documents/AKAUT/simulation/AKA_Simulator/akas_test_driver/akas_source/startup.s:108 (Reset_Handler)
[0x08000114] cmp      r1, r2
	|-> Code: /home/anizme/Documents/AKAUT/simulation/AKA_Simulator/akas_test_driver/akas_source/startup.s:110 (Reset_Handler)
[0x08000116] bge      0x8000120
	|-> Code: /home/anizme/Documents/AKAUT/simulation/AKA_Simulator/akas_test_driver/akas_source/startup.s:111 (Reset_Handler)
[0x08000120] ldr      r0, [pc, #0x24]
	|-> Code: /home/anizme/Documents/AKAUT/simulation/AKA_Simulator/akas_test_driver/akas_source/startup.s:119 (Reset_Handler)
[0x08000122] ldr      r1, [pc, #0x28]
	|-> Code: /home/anizme/Documents/AKAUT/simulation/AKA_Simulator/akas_test_driver/akas_source/startup.s:120 (Reset_Handler)
[0x08000124] movs     r2, #0
	|-> Code: /home/anizme/Documents/AKAUT/simulation/AKA_Simulator/akas_test_driver/akas_source/startup.s:121 (Reset_Handler)
[0x08000126] cmp      r0, r1
	|-> Code: /home/anizme/Documents/AKAUT/simulation/AKA_Simulator/akas_test_driver/akas_source/startup.s:123 (Reset_Handler)
[0x08000128] bge      0x8000130
	|-> Code: /home/anizme/Documents/AKAUT/simulation/AKA_Simulator/akas_test_driver/akas_source/startup.s:124 (Reset_Handler)
[0x08000130] bl       0x80001e4
	|-> Code: /home/anizme/Documents/AKAUT/simulation/AKA_Simulator/akas_test_driver/akas_source/startup.s:130 (Reset_Handler)
[0x080001e4] push     {r4, r7, lr}
	|-> Code: /home/anizme/Documents/AKAUT/simulation/AKA_Simulator/akas_test_driver/test_driver_uut.c:15 (main)
[0x080001e6] sub      sp, #0x34
	|-> Code: /home/anizme/Documents/AKAUT/simulation/AKA_Simulator/akas_test_driver/test_driver_uut.c:15 (main)
[0x080001e8] add      r7, sp, #8
	|-> Code: /home/anizme/Documents/AKAUT/simulation/AKA_Simulator/akas_test_driver/test_driver_uut.c:15 (main)
[0x080001ea] ldr      r2, [pc, #0x5c]
	|-> Code: /home/anizme/Documents/AKAUT/simulation/AKA_Simulator/akas_test_driver/test_driver_uut.c:16 (main)
[0x080001ec] add.w    r3, r7, #0x1c
	|-> Code: /home/anizme/Documents/AKAUT/simulation/AKA_Simulator/akas_test_driver/test_driver_uut.c:16 (main)
[0x080001f0] ldm.w    r2, {r0, r1}
	|-> Code: /home/anizme/Documents/AKAUT/simulation/AKA_Simulator/akas_test_driver/test_driver_uut.c:16 (main)
[0x080001f4] str      r0, [r3]
	|-> Code: /home/anizme/Documents/AKAUT/simulation/AKA_Simulator/akas_test_driver/test_driver_uut.c:16 (main)
[0x080001f6] adds     r3, #4
	|-> Code: /home/anizme/Documents/AKAUT/simulation/AKA_Simulator/akas_test_driver/test_driver_uut.c:16 (main)
[0x080001f8] strh     r1, [r3]
	|-> Code: /home/anizme/Documents/AKAUT/simulation/AKA_Simulator/akas_test_driver/test_driver_uut.c:16 (main)
[0x080001fa] ldr      r2, [pc, #0x50]
	|-> Code: /home/anizme/Documents/AKAUT/simulation/AKA_Simulator/akas_test_driver/test_driver_uut.c:17 (main)
[0x080001fc] add.w    r3, r7, #0x10
	|-> Code: /home/anizme/Documents/AKAUT/simulation/AKA_Simulator/akas_test_driver/test_driver_uut.c:17 (main)
[0x08000200] ldm      r2, {r0, r1, r2}
	|-> Code: /home/anizme/Documents/AKAUT/simulation/AKA_Simulator/akas_test_driver/test_driver_uut.c:17 (main)
[0x08000202] stm.w    r3, {r0, r1, r2}
	|-> Code: /home/anizme/Documents/AKAUT/simulation/AKA_Simulator/akas_test_driver/test_driver_uut.c:17 (main)
[0x08000206] ldr      r3, [pc, #0x48]
	|-> Code: /home/anizme/Documents/AKAUT/simulation/AKA_Simulator/akas_test_driver/test_driver_uut.c:18 (main)
[0x08000208] mov      r4, r7
	|-> Code: /home/anizme/Documents/AKAUT/simulation/AKA_Simulator/akas_test_driver/test_driver_uut.c:18 (main)
[0x0800020a] ldm      r3, {r0, r1, r2, r3}
	|-> Code: /home/anizme/Documents/AKAUT/simulation/AKA_Simulator/akas_test_driver/test_driver_uut.c:18 (main)
[0x0800020c] stm.w    r4, {r0, r1, r2, r3}
	|-> Code: /home/anizme/Documents/AKAUT/simulation/AKA_Simulator/akas_test_driver/test_driver_uut.c:18 (main)
[0x08000210] add.w    r1, r7, #0x10
	|-> Code: /home/anizme/Documents/AKAUT/simulation/AKA_Simulator/akas_test_driver/test_driver_uut.c:20 (main)
[0x08000214] add.w    r2, r7, #0x1c
	|-> Code: /home/anizme/Documents/AKAUT/simulation/AKA_Simulator/akas_test_driver/test_driver_uut.c:20 (main)
[0x08000218] movs     r3, #4
	|-> Code: /home/anizme/Documents/AKAUT/simulation/AKA_Simulator/akas_test_driver/test_driver_uut.c:20 (main)
[0x0800021a] str      r3, [sp, #4]
	|-> Code: /home/anizme/Documents/AKAUT/simulation/AKA_Simulator/akas_test_driver/test_driver_uut.c:20 (main)
[0x0800021c] mov      r3, r7
	|-> Code: /home/anizme/Documents/AKAUT/simulation/AKA_Simulator/akas_test_driver/test_driver_uut.c:20 (main)
[0x0800021e] str      r3, [sp]
	|-> Code: /home/anizme/Documents/AKAUT/simulation/AKA_Simulator/akas_test_driver/test_driver_uut.c:20 (main)
[0x08000220] mov      r3, r1
	|-> Code: /home/anizme/Documents/AKAUT/simulation/AKA_Simulator/akas_test_driver/test_driver_uut.c:20 (main)
[0x08000222] movs     r1, #2
	|-> Code: /home/anizme/Documents/AKAUT/simulation/AKA_Simulator/akas_test_driver/test_driver_uut.c:20 (main)
[0x08000224] movs     r0, #5
	|-> Code: /home/anizme/Documents/AKAUT/simulation/AKA_Simulator/akas_test_driver/test_driver_uut.c:20 (main)
[0x08000226] bl       0x8000154
	|-> Code: /home/anizme/Documents/AKAUT/simulation/AKA_Simulator/akas_test_driver/test_driver_uut.c:20 (main)
[0x08000154] push     {r7}
	|-> Code: /home/anizme/Documents/AKAUT/simulation/AKA_Simulator/akas_test_driver/akas_source/main.c:15 (uut)
[0x08000156] sub      sp, #0x1c
	|-> Code: /home/anizme/Documents/AKAUT/simulation/AKA_Simulator/akas_test_driver/akas_source/main.c:15 (uut)
[0x08000158] add      r7, sp, #0
	|-> Code: /home/anizme/Documents/AKAUT/simulation/AKA_Simulator/akas_test_driver/akas_source/main.c:15 (uut)
[0x0800015a] str      r0, [r7, #0xc]
	|-> Code: /home/anizme/Documents/AKAUT/simulation/AKA_Simulator/akas_test_driver/akas_source/main.c:15 (uut)
[0x0800015c] str      r1, [r7, #8]
	|-> Code: /home/anizme/Documents/AKAUT/simulation/AKA_Simulator/akas_test_driver/akas_source/main.c:15 (uut)
[0x0800015e] str      r2, [r7, #4]
	|-> Code: /home/anizme/Documents/AKAUT/simulation/AKA_Simulator/akas_test_driver/akas_source/main.c:15 (uut)
[0x08000160] str      r3, [r7]
	|-> Code: /home/anizme/Documents/AKAUT/simulation/AKA_Simulator/akas_test_driver/akas_source/main.c:15 (uut)
[0x08000162] ldr      r2, [r7, #0xc]
	|-> Code: /home/anizme/Documents/AKAUT/simulation/AKA_Simulator/akas_test_driver/akas_source/main.c:16 (uut)
[0x08000164] ldr      r3, [r7, #8]
	|-> Code: /home/anizme/Documents/AKAUT/simulation/AKA_Simulator/akas_test_driver/akas_source/main.c:16 (uut)
[0x08000166] add      r2, r3
	|-> Code: /home/anizme/Documents/AKAUT/simulation/AKA_Simulator/akas_test_driver/akas_source/main.c:16 (uut)
[0x08000168] ldr      r3, [r7]
	|-> Code: /home/anizme/Documents/AKAUT/simulation/AKA_Simulator/akas_test_driver/akas_source/main.c:16 (uut)
[0x0800016a] ldr      r3, [r3]
	|-> Code: /home/anizme/Documents/AKAUT/simulation/AKA_Simulator/akas_test_driver/akas_source/main.c:16 (uut)
[0x0800016c] add      r3, r2
	|-> Code: /home/anizme/Documents/AKAUT/simulation/AKA_Simulator/akas_test_driver/akas_source/main.c:16 (uut)
[0x0800016e] str      r3, [r7, #0x14]
	|-> Code: /home/anizme/Documents/AKAUT/simulation/AKA_Simulator/akas_test_driver/akas_source/main.c:16 (uut)
[0x08000170] movs     r3, #0
	|-> Code: /home/anizme/Documents/AKAUT/simulation/AKA_Simulator/akas_test_driver/akas_source/main.c:17 (uut)
[0x08000172] str      r3, [r7, #0x10]
	|-> Code: /home/anizme/Documents/AKAUT/simulation/AKA_Simulator/akas_test_driver/akas_source/main.c:17 (uut)
[0x08000174] b        0x800018c
	|-> Code: /home/anizme/Documents/AKAUT/simulation/AKA_Simulator/akas_test_driver/akas_source/main.c:17 (uut)
[0x0800018c] ldr      r2, [r7, #0x10]
	|-> Code: /home/anizme/Documents/AKAUT/simulation/AKA_Simulator/akas_test_driver/akas_source/main.c:17 (uut)
[0x0800018e] ldr      r3, [r7, #0x24]
	|-> Code: /home/anizme/Documents/AKAUT/simulation/AKA_Simulator/akas_test_driver/akas_source/main.c:17 (uut)
[0x08000190] cmp      r2, r3
	|-> Code: /home/anizme/Documents/AKAUT/simulation/AKA_Simulator/akas_test_driver/akas_source/main.c:17 (uut)
[0x08000192] blo      0x8000176
	|-> Code: /home/anizme/Documents/AKAUT/simulation/AKA_Simulator/akas_test_driver/akas_source/main.c:17 (uut)
[0x08000176] ldr      r3, [r7, #0x10]
	|-> Code: /home/anizme/Documents/AKAUT/simulation/AKA_Simulator/akas_test_driver/akas_source/main.c:19 (uut)
[0x08000178] lsls     r3, r3, #2
	|-> Code: /home/anizme/Documents/AKAUT/simulation/AKA_Simulator/akas_test_driver/akas_source/main.c:19 (uut)
[0x0800017a] ldr      r2, [r7, #0x20]
	|-> Code: /home/anizme/Documents/AKAUT/simulation/AKA_Simulator/akas_test_driver/akas_source/main.c:19 (uut)
[0x0800017c] add      r3, r2
	|-> Code: /home/anizme/Documents/AKAUT/simulation/AKA_Simulator/akas_test_driver/akas_source/main.c:19 (uut)
[0x0800017e] ldr      r3, [r3]
	|-> Code: /home/anizme/Documents/AKAUT/simulation/AKA_Simulator/akas_test_driver/akas_source/main.c:19 (uut)
[0x08000180] ldr      r2, [r7, #0x14]
	|-> Code: /home/anizme/Documents/AKAUT/simulation/AKA_Simulator/akas_test_driver/akas_source/main.c:19 (uut)
[0x08000182] add      r3, r2
	|-> Code: /home/anizme/Documents/AKAUT/simulation/AKA_Simulator/akas_test_driver/akas_source/main.c:19 (uut)
[0x08000184] str      r3, [r7, #0x14]
	|-> Code: /home/anizme/Documents/AKAUT/simulation/AKA_Simulator/akas_test_driver/akas_source/main.c:19 (uut)
[0x08000186] ldr      r3, [r7, #0x10]
	|-> Code: /home/anizme/Documents/AKAUT/simulation/AKA_Simulator/akas_test_driver/akas_source/main.c:17 (uut)
[0x08000188] adds     r3, #1
	|-> Code: /home/anizme/Documents/AKAUT/simulation/AKA_Simulator/akas_test_driver/akas_source/main.c:17 (uut)
[0x0800018a] str      r3, [r7, #0x10]
	|-> Code: /home/anizme/Documents/AKAUT/simulation/AKA_Simulator/akas_test_driver/akas_source/main.c:17 (uut)
[0x0800018c] ldr      r2, [r7, #0x10]
	|-> Code: /home/anizme/Documents/AKAUT/simulation/AKA_Simulator/akas_test_driver/akas_source/main.c:17 (uut)
[0x0800018e] ldr      r3, [r7, #0x24]
	|-> Code: /home/anizme/Documents/AKAUT/simulation/AKA_Simulator/akas_test_driver/akas_source/main.c:17 (uut)
[0x08000190] cmp      r2, r3
	|-> Code: /home/anizme/Documents/AKAUT/simulation/AKA_Simulator/akas_test_driver/akas_source/main.c:17 (uut)
[0x08000192] blo      0x8000176
	|-> Code: /home/anizme/Documents/AKAUT/simulation/AKA_Simulator/akas_test_driver/akas_source/main.c:17 (uut)
[0x08000176] ldr      r3, [r7, #0x10]
	|-> Code: /home/anizme/Documents/AKAUT/simulation/AKA_Simulator/akas_test_driver/akas_source/main.c:19 (uut)
[0x08000178] lsls     r3, r3, #2
	|-> Code: /home/anizme/Documents/AKAUT/simulation/AKA_Simulator/akas_test_driver/akas_source/main.c:19 (uut)
[0x0800017a] ldr      r2, [r7, #0x20]
	|-> Code: /home/anizme/Documents/AKAUT/simulation/AKA_Simulator/akas_test_driver/akas_source/main.c:19 (uut)
[0x0800017c] add      r3, r2
	|-> Code: /home/anizme/Documents/AKAUT/simulation/AKA_Simulator/akas_test_driver/akas_source/main.c:19 (uut)
[0x0800017e] ldr      r3, [r3]
	|-> Code: /home/anizme/Documents/AKAUT/simulation/AKA_Simulator/akas_test_driver/akas_source/main.c:19 (uut)
[0x08000180] ldr      r2, [r7, #0x14]
	|-> Code: /home/anizme/Documents/AKAUT/simulation/AKA_Simulator/akas_test_driver/akas_source/main.c:19 (uut)
[0x08000182] add      r3, r2
	|-> Code: /home/anizme/Documents/AKAUT/simulation/AKA_Simulator/akas_test_driver/akas_source/main.c:19 (uut)
[0x08000184] str      r3, [r7, #0x14]
	|-> Code: /home/anizme/Documents/AKAUT/simulation/AKA_Simulator/akas_test_driver/akas_source/main.c:19 (uut)
[0x08000186] ldr      r3, [r7, #0x10]
	|-> Code: /home/anizme/Documents/AKAUT/simulation/AKA_Simulator/akas_test_driver/akas_source/main.c:17 (uut)
[0x08000188] adds     r3, #1
	|-> Code: /home/anizme/Documents/AKAUT/simulation/AKA_Simulator/akas_test_driver/akas_source/main.c:17 (uut)
[0x0800018a] str      r3, [r7, #0x10]
	|-> Code: /home/anizme/Documents/AKAUT/simulation/AKA_Simulator/akas_test_driver/akas_source/main.c:17 (uut)
[0x0800018c] ldr      r2, [r7, #0x10]
	|-> Code: /home/anizme/Documents/AKAUT/simulation/AKA_Simulator/akas_test_driver/akas_source/main.c:17 (uut)
[0x0800018e] ldr      r3, [r7, #0x24]
	|-> Code: /home/anizme/Documents/AKAUT/simulation/AKA_Simulator/akas_test_driver/akas_source/main.c:17 (uut)
[0x08000190] cmp      r2, r3
	|-> Code: /home/anizme/Documents/AKAUT/simulation/AKA_Simulator/akas_test_driver/akas_source/main.c:17 (uut)
[0x08000192] blo      0x8000176
	|-> Code: /home/anizme/Documents/AKAUT/simulation/AKA_Simulator/akas_test_driver/akas_source/main.c:17 (uut)
[0x08000176] ldr      r3, [r7, #0x10]
	|-> Code: /home/anizme/Documents/AKAUT/simulation/AKA_Simulator/akas_test_driver/akas_source/main.c:19 (uut)
[0x08000178] lsls     r3, r3, #2
	|-> Code: /home/anizme/Documents/AKAUT/simulation/AKA_Simulator/akas_test_driver/akas_source/main.c:19 (uut)
[0x0800017a] ldr      r2, [r7, #0x20]
	|-> Code: /home/anizme/Documents/AKAUT/simulation/AKA_Simulator/akas_test_driver/akas_source/main.c:19 (uut)
[0x0800017c] add      r3, r2
	|-> Code: /home/anizme/Documents/AKAUT/simulation/AKA_Simulator/akas_test_driver/akas_source/main.c:19 (uut)
[0x0800017e] ldr      r3, [r3]
	|-> Code: /home/anizme/Documents/AKAUT/simulation/AKA_Simulator/akas_test_driver/akas_source/main.c:19 (uut)
[0x08000180] ldr      r2, [r7, #0x14]
	|-> Code: /home/anizme/Documents/AKAUT/simulation/AKA_Simulator/akas_test_driver/akas_source/main.c:19 (uut)
[0x08000182] add      r3, r2
	|-> Code: /home/anizme/Documents/AKAUT/simulation/AKA_Simulator/akas_test_driver/akas_source/main.c:19 (uut)
[0x08000184] str      r3, [r7, #0x14]
	|-> Code: /home/anizme/Documents/AKAUT/simulation/AKA_Simulator/akas_test_driver/akas_source/main.c:19 (uut)
[0x08000186] ldr      r3, [r7, #0x10]
	|-> Code: /home/anizme/Documents/AKAUT/simulation/AKA_Simulator/akas_test_driver/akas_source/main.c:17 (uut)
[0x08000188] adds     r3, #1
	|-> Code: /home/anizme/Documents/AKAUT/simulation/AKA_Simulator/akas_test_driver/akas_source/main.c:17 (uut)
[0x0800018a] str      r3, [r7, #0x10]
	|-> Code: /home/anizme/Documents/AKAUT/simulation/AKA_Simulator/akas_test_driver/akas_source/main.c:17 (uut)
[0x0800018c] ldr      r2, [r7, #0x10]
	|-> Code: /home/anizme/Documents/AKAUT/simulation/AKA_Simulator/akas_test_driver/akas_source/main.c:17 (uut)
[0x0800018e] ldr      r3, [r7, #0x24]
	|-> Code: /home/anizme/Documents/AKAUT/simulation/AKA_Simulator/akas_test_driver/akas_source/main.c:17 (uut)
[0x08000190] cmp      r2, r3
	|-> Code: /home/anizme/Documents/AKAUT/simulation/AKA_Simulator/akas_test_driver/akas_source/main.c:17 (uut)
[0x08000192] blo      0x8000176
	|-> Code: /home/anizme/Documents/AKAUT/simulation/AKA_Simulator/akas_test_driver/akas_source/main.c:17 (uut)
[0x08000176] ldr      r3, [r7, #0x10]
	|-> Code: /home/anizme/Documents/AKAUT/simulation/AKA_Simulator/akas_test_driver/akas_source/main.c:19 (uut)
[0x08000178] lsls     r3, r3, #2
	|-> Code: /home/anizme/Documents/AKAUT/simulation/AKA_Simulator/akas_test_driver/akas_source/main.c:19 (uut)
[0x0800017a] ldr      r2, [r7, #0x20]
	|-> Code: /home/anizme/Documents/AKAUT/simulation/AKA_Simulator/akas_test_driver/akas_source/main.c:19 (uut)
[0x0800017c] add      r3, r2
	|-> Code: /home/anizme/Documents/AKAUT/simulation/AKA_Simulator/akas_test_driver/akas_source/main.c:19 (uut)
[0x0800017e] ldr      r3, [r3]
	|-> Code: /home/anizme/Documents/AKAUT/simulation/AKA_Simulator/akas_test_driver/akas_source/main.c:19 (uut)
[0x08000180] ldr      r2, [r7, #0x14]
	|-> Code: /home/anizme/Documents/AKAUT/simulation/AKA_Simulator/akas_test_driver/akas_source/main.c:19 (uut)
[0x08000182] add      r3, r2
	|-> Code: /home/anizme/Documents/AKAUT/simulation/AKA_Simulator/akas_test_driver/akas_source/main.c:19 (uut)
[0x08000184] str      r3, [r7, #0x14]
	|-> Code: /home/anizme/Documents/AKAUT/simulation/AKA_Simulator/akas_test_driver/akas_source/main.c:19 (uut)
[0x08000186] ldr      r3, [r7, #0x10]
	|-> Code: /home/anizme/Documents/AKAUT/simulation/AKA_Simulator/akas_test_driver/akas_source/main.c:17 (uut)
[0x08000188] adds     r3, #1
	|-> Code: /home/anizme/Documents/AKAUT/simulation/AKA_Simulator/akas_test_driver/akas_source/main.c:17 (uut)
[0x0800018a] str      r3, [r7, #0x10]
	|-> Code: /home/anizme/Documents/AKAUT/simulation/AKA_Simulator/akas_test_driver/akas_source/main.c:17 (uut)
[0x0800018c] ldr      r2, [r7, #0x10]
	|-> Code: /home/anizme/Documents/AKAUT/simulation/AKA_Simulator/akas_test_driver/akas_source/main.c:17 (uut)
[0x0800018e] ldr      r3, [r7, #0x24]
	|-> Code: /home/anizme/Documents/AKAUT/simulation/AKA_Simulator/akas_test_driver/akas_source/main.c:17 (uut)
[0x08000190] cmp      r2, r3
	|-> Code: /home/anizme/Documents/AKAUT/simulation/AKA_Simulator/akas_test_driver/akas_source/main.c:17 (uut)
[0x08000192] blo      0x8000176
	|-> Code: /home/anizme/Documents/AKAUT/simulation/AKA_Simulator/akas_test_driver/akas_source/main.c:17 (uut)
[0x08000194] ldr      r3, [r7, #4]
	|-> Code: /home/anizme/Documents/AKAUT/simulation/AKA_Simulator/akas_test_driver/akas_source/main.c:21 (uut)
[0x08000196] cmp      r3, #0
	|-> Code: /home/anizme/Documents/AKAUT/simulation/AKA_Simulator/akas_test_driver/akas_source/main.c:21 (uut)
[0x08000198] beq      0x80001a6
	|-> Code: /home/anizme/Documents/AKAUT/simulation/AKA_Simulator/akas_test_driver/akas_source/main.c:21 (uut)
[0x0800019a] ldr      r3, [r7, #4]
	|-> Code: /home/anizme/Documents/AKAUT/simulation/AKA_Simulator/akas_test_driver/akas_source/main.c:24 (uut)
[0x0800019c] ldrb     r3, [r3]
	|-> Code: /home/anizme/Documents/AKAUT/simulation/AKA_Simulator/akas_test_driver/akas_source/main.c:24 (uut)
[0x0800019e] mov      r2, r3
	|-> Code: /home/anizme/Documents/AKAUT/simulation/AKA_Simulator/akas_test_driver/akas_source/main.c:24 (uut)
[0x080001a0] ldr      r3, [r7, #0x14]
	|-> Code: /home/anizme/Documents/AKAUT/simulation/AKA_Simulator/akas_test_driver/akas_source/main.c:24 (uut)
[0x080001a2] add      r3, r2
	|-> Code: /home/anizme/Documents/AKAUT/simulation/AKA_Simulator/akas_test_driver/akas_source/main.c:24 (uut)
[0x080001a4] str      r3, [r7, #0x14]
	|-> Code: /home/anizme/Documents/AKAUT/simulation/AKA_Simulator/akas_test_driver/akas_source/main.c:24 (uut)
[0x080001a6] ldr      r3, [r7]
	|-> Code: /home/anizme/Documents/AKAUT/simulation/AKA_Simulator/akas_test_driver/akas_source/main.c:26 (uut)
[0x080001a8] ldrb     r3, [r3, #8]
	|-> Code: /home/anizme/Documents/AKAUT/simulation/AKA_Simulator/akas_test_driver/akas_source/main.c:26 (uut)
[0x080001aa] mov      r2, r3
	|-> Code: /home/anizme/Documents/AKAUT/simulation/AKA_Simulator/akas_test_driver/akas_source/main.c:26 (uut)
[0x080001ac] ldr      r3, [r7, #0x14]
	|-> Code: /home/anizme/Documents/AKAUT/simulation/AKA_Simulator/akas_test_driver/akas_source/main.c:26 (uut)
[0x080001ae] add      r3, r2
	|-> Code: /home/anizme/Documents/AKAUT/simulation/AKA_Simulator/akas_test_driver/akas_source/main.c:26 (uut)
[0x080001b0] str      r3, [r7, #0x14]
	|-> Code: /home/anizme/Documents/AKAUT/simulation/AKA_Simulator/akas_test_driver/akas_source/main.c:26 (uut)
[0x080001b2] ldr      r3, [r7, #0x14]
	|-> Code: /home/anizme/Documents/AKAUT/simulation/AKA_Simulator/akas_test_driver/akas_source/main.c:27 (uut)
[0x080001b4] mov      r0, r3
	|-> Code: /home/anizme/Documents/AKAUT/simulation/AKA_Simulator/akas_test_driver/akas_source/main.c:28 (uut)
[0x080001b6] adds     r7, #0x1c
	|-> Code: /home/anizme/Documents/AKAUT/simulation/AKA_Simulator/akas_test_driver/akas_source/main.c:28 (uut)
[0x080001b8] mov      sp, r7
	|-> Code: /home/anizme/Documents/AKAUT/simulation/AKA_Simulator/akas_test_driver/akas_source/main.c:28 (uut)
[0x080001ba] pop      {r7}
	|-> Code: /home/anizme/Documents/AKAUT/simulation/AKA_Simulator/akas_test_driver/akas_source/main.c:28 (uut)
[0x080001bc] bx       lr
	|-> Code: /home/anizme/Documents/AKAUT/simulation/AKA_Simulator/akas_test_driver/akas_source/main.c:28 (uut)
[0x0800022a] str      r0, [r7, #0x24]
	|-> Code: /home/anizme/Documents/AKAUT/simulation/AKA_Simulator/akas_test_driver/test_driver_uut.c:20 (main)
[0x0800022c] ldr      r3, [r7, #0x24]
	|-> Code: /home/anizme/Documents/AKAUT/simulation/AKA_Simulator/akas_test_driver/test_driver_uut.c:22 (main)
[0x0800022e] mov      r0, r3
	|-> Code: /home/anizme/Documents/AKAUT/simulation/AKA_Simulator/akas_test_driver/test_driver_uut.c:22 (main)
[0x08000230] bl       0x80001be
	|-> Code: /home/anizme/Documents/AKAUT/simulation/AKA_Simulator/akas_test_driver/test_driver_uut.c:22 (main)
[0x080001be] push     {r7}
	|-> Code: /home/anizme/Documents/AKAUT/simulation/AKA_Simulator/akas_test_driver/test_driver_uut.c:6 (aka_sim_writer_u32)
[0x080001c0] sub      sp, #0xc
	|-> Code: /home/anizme/Documents/AKAUT/simulation/AKA_Simulator/akas_test_driver/test_driver_uut.c:6 (aka_sim_writer_u32)
[0x080001c2] add      r7, sp, #0
	|-> Code: /home/anizme/Documents/AKAUT/simulation/AKA_Simulator/akas_test_driver/test_driver_uut.c:6 (aka_sim_writer_u32)
[0x080001c4] str      r0, [r7, #4]
	|-> Code: /home/anizme/Documents/AKAUT/simulation/AKA_Simulator/akas_test_driver/test_driver_uut.c:6 (aka_sim_writer_u32)
[0x080001c6] nop     
	|-> Code: /home/anizme/Documents/AKAUT/simulation/AKA_Simulator/akas_test_driver/test_driver_uut.c:8 (aka_sim_writer_u32)
[0x080001c8] adds     r7, #0xc
	|-> Code: /home/anizme/Documents/AKAUT/simulation/AKA_Simulator/akas_test_driver/test_driver_uut.c:8 (aka_sim_writer_u32)
[0x080001ca] mov      sp, r7
	|-> Code: /home/anizme/Documents/AKAUT/simulation/AKA_Simulator/akas_test_driver/test_driver_uut.c:8 (aka_sim_writer_u32)
[0x080001cc] pop      {r7}
	|-> Code: /home/anizme/Documents/AKAUT/simulation/AKA_Simulator/akas_test_driver/test_driver_uut.c:8 (aka_sim_writer_u32)
[0x080001ce] bx       lr
	|-> Code: /home/anizme/Documents/AKAUT/simulation/AKA_Simulator/akas_test_driver/test_driver_uut.c:8 (aka_sim_writer_u32)
[0x08000234] ldr      r3, [r7, #0x10]
	|-> Code: /home/anizme/Documents/AKAUT/simulation/AKA_Simulator/akas_test_driver/test_driver_uut.c:23 (main)
[0x08000236] mov      r0, r3
	|-> Code: /home/anizme/Documents/AKAUT/simulation/AKA_Simulator/akas_test_driver/test_driver_uut.c:23 (main)
[0x08000238] bl       0x80001be
	|-> Code: /home/anizme/Documents/AKAUT/simulation/AKA_Simulator/akas_test_driver/test_driver_uut.c:23 (main)
[0x080001be] push     {r7}
	|-> Code: /home/anizme/Documents/AKAUT/simulation/AKA_Simulator/akas_test_driver/test_driver_uut.c:6 (aka_sim_writer_u32)
[0x080001c0] sub      sp, #0xc
	|-> Code: /home/anizme/Documents/AKAUT/simulation/AKA_Simulator/akas_test_driver/test_driver_uut.c:6 (aka_sim_writer_u32)
[0x080001c2] add      r7, sp, #0
	|-> Code: /home/anizme/Documents/AKAUT/simulation/AKA_Simulator/akas_test_driver/test_driver_uut.c:6 (aka_sim_writer_u32)
[0x080001c4] str      r0, [r7, #4]
	|-> Code: /home/anizme/Documents/AKAUT/simulation/AKA_Simulator/akas_test_driver/test_driver_uut.c:6 (aka_sim_writer_u32)
[0x080001c6] nop     
	|-> Code: /home/anizme/Documents/AKAUT/simulation/AKA_Simulator/akas_test_driver/test_driver_uut.c:8 (aka_sim_writer_u32)
[0x080001c8] adds     r7, #0xc
	|-> Code: /home/anizme/Documents/AKAUT/simulation/AKA_Simulator/akas_test_driver/test_driver_uut.c:8 (aka_sim_writer_u32)
[0x080001ca] mov      sp, r7
	|-> Code: /home/anizme/Documents/AKAUT/simulation/AKA_Simulator/akas_test_driver/test_driver_uut.c:8 (aka_sim_writer_u32)
[0x080001cc] pop      {r7}
	|-> Code: /home/anizme/Documents/AKAUT/simulation/AKA_Simulator/akas_test_driver/test_driver_uut.c:8 (aka_sim_writer_u32)
[0x080001ce] bx       lr
	|-> Code: /home/anizme/Documents/AKAUT/simulation/AKA_Simulator/akas_test_driver/test_driver_uut.c:8 (aka_sim_writer_u32)
[0x0800023c] movs     r3, #0
	|-> Code: /home/anizme/Documents/AKAUT/simulation/AKA_Simulator/akas_test_driver/test_driver_uut.c:24 (main)
[0x0800023e] mov      r0, r3
	|-> Code: /home/anizme/Documents/AKAUT/simulation/AKA_Simulator/akas_test_driver/test_driver_uut.c:25 (main)
[0x08000240] adds     r7, #0x2c
	|-> Code: /home/anizme/Documents/AKAUT/simulation/AKA_Simulator/akas_test_driver/test_driver_uut.c:25 (main)
[0x08000242] mov      sp, r7
	|-> Code: /home/anizme/Documents/AKAUT/simulation/AKA_Simulator/akas_test_driver/test_driver_uut.c:25 (main)
[0x08000244] pop      {r4, r7, pc}
	|-> Code: /home/anizme/Documents/AKAUT/simulation/AKA_Simulator/akas_test_driver/test_driver_uut.c:25 (main)
# SUCCESS: Main function returned  at 0x8000134
